
============================================================
[2026-06-09T05:55:23.073Z] delegate_to_cli → pi
CWD: /home/bigmints/projects/xtara/xtara-web
============================================================

added 1 package in 1s
npm notice
npm notice New major version of npm available! 10.9.2 -> 11.16.0
npm notice Changelog: https://github.com/npm/cli/releases/tag/v11.16.0
npm notice To update run: npm install -g npm@11.16.0
npm notice


**DELIVERY COMPLETE**

## Summary

Refactored `src/components/admin/AdminListTile.tsx` to meet all acceptance criteria:

### Changes Made

1. **Full click target area** — The outer `<div>` spans the entire card with `w-full text-left` and `onClick={onTap}`, so clicking anywhere on the title, subtitle, domain badge, or empty space selects the item.

2. **Semantic accessibility** — Added `role="button"`, `tabIndex={0}`, and `aria-pressed={isSelected}` so screen readers treat the card as a button with pressed state.

3. **Keyboard support** — Added `handleKeyDown` that triggers `onTap` on **Enter** and **Space** keys, with `e.preventDefault()` to prevent page scroll on Space.

4. **Improved hover styles** — Changed from plain `hover:bg-gray-50` to `hover:bg-gray-50 hover:border-l-4 hover:border-l-gray-300` for a more visible hover indication. Added `cursor-pointer` class and `focus:ring-2 focus:ring-blue-500 focus:ring-inset` for keyboard focus state.

5. **Preserved nested button behavior** — The `...` menu button and its dropdown items continue using `e.stopPropagation()` to prevent the card selection when clicking actions.

[2026-06-09T05:59:22.375Z] delegate_to_cli resolved
