
============================================================
[2026-06-09T09:58:17.619Z] delegate_to_cli → pi
CWD: /home/bigmints/projects/xtara/xtara-web
============================================================


TypeScript compiles cleanly. The build failure is a pre-existing SSR issue unrelated to Good Reads. Let me finalize:

**DELIVERY COMPLETE** — Built the Good Reads Management Module:

1. **`src/types/admin.ts`** — Expanded `GoodRead` interface with full schema: `title`, `image`, `domain`, `published`, `draft`, `inReview`, `hyperlink`, `hyperlinkText`, `careerRelevance`, `type`, `content`, `publishedAt`, `publishedUntil`.

2. **`src/lib/admin/configs/goodReadsConfig.ts`** — Created admin config following the `challengesConfig` pattern:
   - Collection: `good_reads`, Entity: `Good Read`
   - `getStatus` uses 3-state logic (published → inReview → draft)
   - `toFirestore` converts Date → Timestamp for `publishedAt`/`publishedUntil`
   - `fromFirestore` converts Timestamp → Date back
   - `getSearchText` combines `title` and `content`
   - `getAvailableDomains` collects unique domain values

3. **`src/components/admin/editors/GoodReadEditor.tsx`** — Created editor with:
   - Title, Type, Domain, Content (textarea), Image URL, Hyperlink, Hyperlink Text
   - Career Relevance chip list (add/remove pattern matching StoryEditor)
   - Status dropdown (Draft / In Review / Published)
   - Published At / Published Until datetime-local inputs
   - Save/Cancel buttons with form submission

4. **`src/app/admin/good-reads/page.tsx`** — Replaced placeholder with `AdminMasterDetail<GoodRead>` integration, passing config and editor render function.

[2026-06-09T10:02:18.057Z] delegate_to_cli resolved
