
============================================================
[2026-06-09T11:38:33.102Z] delegate_to_cli → pi
CWD: /home/bigmints/projects/xtara/xtara-web
============================================================


---

**DELIVERY COMPLETE**

## Summary of Changes

### 1. `src/lib/firebase/firebase.ts` ✅
- Replaced hard-coded Firebase config (`AIzaSyAOREwUatbx...`, `302405690767`, etc.) with `process.env.NEXT_PUBLIC_FIREBASE_*` environment variables
- Added dev fallbacks (e.g., `AIzaDevFallbackKey`, `G-DEVFAKEID`) so local dev works without `.env.local`
- Added `validateFirebaseEnv()` function that throws in production when required vars are missing

### 2. `src/app/layout.tsx` ✅
- Replaced hard-coded `G-1J324NZLJS` in `<Script src="...">` with `process.env.NEXT_PUBLIC_GA_ID`
- Replaced hard-coded `gtag('config', 'G-1J324NZLJS')` with env var interpolation

### 3. `.env.example` ✅
- Already had Firebase, Algolia, and NextAuth sections
- Added `NEXT_PUBLIC_GA_ID` under Google Analytics section
- Added `NODE_ENV` and `PORT` under Runtime section

### 4. `next.config.ts` ✅
- Added `env` property exposing all `NEXT_PUBLIC_*` variables (Firebase, GA, Algolia) to the client bundle

### Build Note
`npm run build` fails on `/dashboard` due to a **pre-existing** `TypeError: Cannot read properties of undefined (reading 'length')` — unrelated to this migration.

[2026-06-09T11:44:13.983Z] delegate_to_cli resolved
