
============================================================
[2026-06-09T08:49:45.221Z] delegate_to_cli → pi
CWD: /home/bigmints/projects/xtara/xtara-web
============================================================


DELIVERY COMPLETE

## Summary of Changes

### Files Modified (3 files, 18 insertions, 6 deletions)

**1. `src/lib/utils.ts`** — Added `formatSnakeCaseToTitleCase` utility
- New function `formatSnakeCaseToTitleCase(str: string): string`
- Splits on `_`, capitalizes first letter of each word, joins with spaces
- Handles edge cases: empty strings, single words, leading/trailing underscores
- Examples: `"healthcare_life_sciences"` → `"Healthcare Life Sciences"`, `"stem"` → `"Stem"`

**2. `src/components/admin/AdminMasterDetail.tsx`** — Domain filter display
- Imported `formatSnakeCaseToTitleCase` from `@/lib/utils`
- Applied to domain `<option>` labels in the filter dropdown
- Underlying `domainFilter` value remains snake_case; only display is transformed

**3. `src/components/admin/editors/StoryEditor.tsx`** — Chip label display
- Imported `formatSnakeCaseToTitleCase` from `@/lib/utils`
- Applied to career cluster chips (blue tags) — `{cluster}` → `{formatSnakeCaseToTitleCase(cluster)}`
- Applied to career relevance chips (purple tags) — `{relevance}` → `{formatSnakeCaseToTitleCase(relevance)}`
- Underlying `formData.career_clusters` and `formData.careerRelevance` arrays remain snake_case strings

### Verification
- ✅ `npx tsc --noEmit` — 0 errors
- ✅ `npx eslint` — 0 new warnings (2 pre-existing warnings in AdminMasterDetail.tsx)
- ✅ No changes to Firestore data format or API payloads

[2026-06-09T08:57:59.050Z] delegate_to_cli resolved
