
============================================================
[2026-06-09T10:06:55.250Z] delegate_to_cli → pi
CWD: /home/bigmints/projects/xtara/xtara-web
============================================================


**DELIVERY COMPLETE**

## Summary

Created `.github/workflows/deploy.yml` — a complete GitHub Actions CI/CD pipeline with the following structure:

### Pipeline Steps
| # | Step | Action |
|---|------|--------|
| 1 | **Checkout** | `actions/checkout@v4` |
| 2 | **Compute version tag** | Generates `<git-short-sha>-<YYYYMMDD-HHMMSS>` (e.g., `a1b2c3d-20260609-143000`) |
| 3 | **Authenticate to Google Cloud** | `google-github-actions/auth@v2` via OIDC Workload Identity Federation |
| 4 | **Configure Docker** | `google-github-actions/setup-gcloud@v2` with `export_default_credentials` |
| 5 | **Login to Artifact Registry** | `gcloud auth configure-docker us-docker.pkg.dev` |
| 6 | **Docker Buildx Build & Push** | `docker/build-push-action@v5` — `linux/amd64`, BuildKit cache, provenance |
| 7 | **Deploy to Cloud Run** | `google-github-actions/deploy-cloudrun@v2` — `us-central1` |
| 8 | **Show Deployment URL** | Prints service URL and version tag |

### Key Details
- **Trigger**: Push to `main` branch
- **Auth**: OIDC keyless authentication (no stored service account JSON keys)
- **Image**: `us-docker.pkg.dev/bigminstxtara/xtara-web-artifacts/xtara-web` with both versioned and `:latest` tags
- **Cloud Run**: Service `xtara-web` in `us-central1`
- **TODO**: Replace `<PROJECT_NUMBER>` in `workload_identity_provider` with your actual GCP project number after setting up the Workload Identity Pool

[2026-06-09T10:09:34.524Z] delegate_to_cli resolved
