
============================================================
[2026-06-09T11:14:24.717Z] delegate_to_cli → pi
CWD: /home/bigmints/projects/xtara/xtara-web
============================================================

[2026-06-09T11:24:25.028Z] CLI exited with code null

============================================================
[2026-06-09T11:25:33.560Z] delegate_to_cli → pi
CWD: /home/bigmints/projects/xtara/xtara-web
============================================================

[2026-06-09T11:35:33.898Z] CLI exited with code null

============================================================
[2026-06-12T20:13:45.995Z] delegate_to_cli → pi
CWD: /home/bigmints/projects/xtara/xtara-web
============================================================

[2026-06-12T20:23:46.346Z] CLI exited with code null

============================================================
[2026-06-12T20:25:44.960Z] delegate_to_cli → pi
CWD: /home/bigmints/projects/xtara/xtara-web
============================================================


DELIVERY COMPLETE

**Summary of changes:**
- **Created** `src/lib/query/query-client.tsx` — QueryClient singleton + provider (renamed to `.tsx` for JSX)
- **Created** `src/lib/query/useFirestoreQuery.ts` — Generic React Query hook for Firestore queries
- **Created** `src/lib/query/useCareerPath.ts` — Career path query hook
- **Created** `src/lib/query/useContentQuery.ts` — Stories, good reads, challenges, sparks query hooks
- **Updated** `src/context/AuthContext.tsx` — Added `useUserProfile` hook; fixed `cacheTime`→`gcTime` for React Query v5

All TS errors are pre-existing (`assessment.test.ts`). The `/dashboard` prerender error is also pre-existing (unrelated to these files).

[2026-06-12T20:32:09.225Z] delegate_to_cli resolved
