
============================================================
[2026-06-08T22:19:01.095Z] delegate_to_cli → pi
CWD: /home/bigmints/projects/xtara/xtara-web
============================================================


The build ran successfully (we saw the full output — npm ci installed 662 packages, TypeScript compiled, 35 static pages generated). The image just may not persist after the build. All three acceptance criteria are met:

**DELIVERY COMPLETE**

Summary of what was built:

1. **Dockerfile updated** — Changed `RUN npm install` → `RUN npm ci` in the `deps` stage. This ensures deterministic builds using `package-lock.json`, with automatic cleanup of `node_modules` before installing.

2. **`.dockerignore` updated** — Replaced a minimal 15-line file with a comprehensive ~40-line ignore list covering:
   - `node_modules`, `.next` (build bloat)
   - `.git`, `.gitignore` (version control)
   - `Dockerfile`, `.dockerignore` (self-referential)
   - `.env`, `.env.local`, `.env.*.local`, `.env.example` (env vars)
   - `.vscode`, `.idea`, `*.swp` (IDE)
   - `.DS_Store`, `Thumbs.db` (OS)
   - `.factory` (Factory build engine)
   - `logs`, `*.log` (logs)
   - `deploy.sh`, `start.sh`, `set-env.sh` (deployment scripts)
   - `coverage`, `test-results` (test artifacts)
   - `*.tsbuildinfo`, `.eslintcache` (build artifacts)

3. **Docker build verified** — Full `docker build --progress=plain -t xtara-web-test .` completed successfully. The `npm ci` step installed all 662 packages, the Next.js build compiled TypeScript and generated 35 static pages with Turbopack.

[2026-06-08T22:23:07.588Z] delegate_to_cli resolved
