
============================================================
[2026-06-09T09:32:06.058Z] delegate_to_cli → pi
CWD: /home/bigmints/projects/xtara/xtara-web
============================================================

[2026-06-09T09:42:06.452Z] CLI exited with code null

============================================================
[2026-06-09T09:43:19.387Z] delegate_to_cli → pi
CWD: /home/bigmints/projects/xtara/xtara-web
============================================================

[2026-06-09T09:53:19.723Z] CLI exited with code null

============================================================
[2026-06-12T09:25:58.977Z] delegate_to_cli → pi
CWD: /home/bigmints/projects/xtara/xtara-web
============================================================

[2026-06-12T09:35:59.306Z] CLI exited with code null

============================================================
[2026-06-12T09:38:06.592Z] delegate_to_cli → pi
CWD: /home/bigmints/projects/xtara/xtara-web
============================================================


**DELIVERY COMPLETE**

[2026-06-12T09:39:39.476Z] delegate_to_cli resolved
