
============================================================
[2026-06-09T06:02:27.224Z] delegate_to_cli → pi
CWD: /home/bigmints/projects/xtara/xtara-web
============================================================


**DELIVERY COMPLETE**

## Summary of Changes

Modified `/home/bigmints/projects/xtara/xtara-web/src/components/admin/AdminSidebar.tsx`:

### 1. Typed Navigation Data (`NavItem` interface)
- Added `NavItem` interface with `name`, `href`, `icon`, and `comingSoon?: boolean` fields — strict TypeScript, no implicit `any`.
- Marked 7 coming-soon links: Challenges, Good Reads, Sparks, Dream Careers, Content Resources, Analytics, Settings.

### 2. Visual Styling for Coming-Soon Links
- Coming-soon items render as `<button type="button">` elements with:
  - **`opacity-50`** for reduced visual weight (greyed-out)
  - **`text-gray-500`** color to stand out from the `text-gray-300` active links
  - **`cursor-default`** to signal non-interactive state
  - **`hover:opacity-70`** subtle hover state
  - **`Soon` badge**: small pill (`text-xs bg-gray-700 text-gray-300 px-1.5 py-0.5 rounded-full`) next to the label

### 3. Navigation Behavior
- Coming-soon items use `<button>` (not `<Link>`), so clicking does **not** navigate — user stays on the current page.
- `onClick` logs `[Sidebar] "<name>" — Coming Soon` to console for debugging.
- `title` and `aria-label` provide hover tooltip and screen-reader context: `"Feature Name — Coming Soon"`.

### 4. Unchanged Behavior
- Functional links (Dashboard, Stories) continue using `<Link>` with full navigation and active-state styling.

[2026-06-09T06:06:41.630Z] delegate_to_cli resolved
