
============================================================
[2026-06-15T14:09:30.116Z] delegate_to_cli → pi
CWD: /home/bigmints/projects/xtara/xtara-web/main
============================================================


**DELIVERY COMPLETE**

## Summary of CareerPathEditor

Created `src/components/admin/editors/CareerPathEditor.tsx` — a read-mostly editor for career path data following existing admin CMS patterns.

### What was built:

**File:** `src/components/admin/editors/CareerPathEditor.tsx`

**Acceptance Criteria Met:**

1. **Read-only overview section** — Displays `userId`, `careerName`, `matchScore`, `expectedSalaryRange` as read-only cards with labels in a 2-column grid
2. **Editable fields** — `title`, `description`, `whatYouDo`, `whyItMatters`, `matchReasoning` — these are the only fields with form inputs (text input for title, textareas for the rest)
3. **Read-only badge chips** — `strengths` (green), `archetypes` (purple), `streamSuggestions` (blue) displayed as colored rounded badges using `formatSnakeCaseToTitleCase()` for label formatting
4. **Read-only lists** — `careerPathway` displayed as a numbered timeline; `relatedCareers` displayed as card list with title and reason
5. **Save button** — Only sends the 5 editable fields to Firestore via the `onSave` callback

**Patterns followed:**
- Form-based submission with `handleSubmit` (same as StoryEditor, ChallengeEditor)
- Header with Save/Cancel buttons with Lucide icons (matching all existing editors)
- Section cards with `bg-white rounded-lg p-6 border` styling
- `isSaving` state management
- `useEffect` for form state isolation when `careerPath` prop changes
- `formatSnakeCaseToTitleCase()` from `@/lib/utils` for display formatting
- Proper TypeScript typing with `EditableFields` interface
- Empty state handling when `careerPath` is null

The build passes. The only lint warning is the pre-existing `react-hooks/set-state-in-effect` pattern used consistently across all editors in the codebase.

[2026-06-15T14:18:30.131Z] delegate_to_cli resolved
