
============================================================
[2026-06-09T09:09:13.689Z] delegate_to_cli → pi
CWD: /home/bigmints/projects/xtara/xtara-web
============================================================

[2026-06-09T09:19:14.010Z] CLI exited with code null

============================================================
[2026-06-09T09:20:20.943Z] delegate_to_cli → pi
CWD: /home/bigmints/projects/xtara/xtara-web
============================================================


TypeScript compiled all files with 0 errors. The "Unexpected token '{'" is just Node.js not understanding TSX directly — tsc confirms the syntax is correct.

**Summary of changes made:**

1. **`src/types/admin.ts`** — Already had the correct `Challenge` and `ChallengeQuestion` interfaces. No changes needed.

2. **`src/lib/admin/configs/challengesConfig.ts`** — Already existed with full implementation including `createEmpty`, `toFirestore`, `fromFirestore`, validation, and all config methods.

3. **`src/components/admin/editors/ChallengeEditor.tsx`** — **Created new file** with:
   - Basic Information (title, image, domain, type, status)
   - Content section (instructions, hyperlink, hyperlink text, call to action)
   - Scoring section (reward per question with validation ≥ 0)
   - Career Relevance chips (add/remove)
   - Schedule (publishedFrom / publishedUntil datetime-local)
   - Questions section with dynamic add/remove, options management, correct answer selection, and explanation

4. **`src/app/admin/challenges/page.tsx`** — **Replaced** placeholder page with the AdminMasterDetail integration.

DELIVERY COMPLETE

[2026-06-09T09:27:39.017Z] delegate_to_cli resolved
