
============================================================
[2026-06-09T10:14:18.380Z] delegate_to_cli → pi
CWD: /home/bigmints/projects/xtara/xtara-web
============================================================

[2026-06-09T10:24:18.691Z] CLI exited with code null

============================================================
[2026-06-09T10:25:30.896Z] delegate_to_cli → pi
CWD: /home/bigmints/projects/xtara/xtara-web
============================================================


**DELIVERY COMPLETE**

Summary of all steps executed:

| Step | File | Status |
|------|------|--------|
| 1 | `scripts/manage-secrets.sh` | Already existed (fully implemented with init, add, list, deploy, cleanup, status, help commands) |
| 2 | `set-env.sh` | Already had deprecation banner and `--migrate` flag |
| 3 | `deploy.sh` | ✅ Added `--use-secrets` flag, `build_secret_flags()` function, secrets mounting in deploy command |
| 4 | `.env.example` | ✅ Rewritten with Secret Manager header, `[SECRET]` annotations, section comments |
| 5 | `SECRETS.md` | ✅ Created with overview, prerequisites, IAM roles, migration guide, rollback procedure, CLI reference, troubleshooting |
| 6 | Verification | ✅ `bash -n` passes for both scripts, `npm run build` succeeds |

[2026-06-09T10:34:31.939Z] delegate_to_cli resolved
