
============================================================
[2026-06-08T22:25:45.749Z] delegate_to_cli → pi
CWD: /home/bigmints/projects/xtara/xtara-web
============================================================


**DELIVERY COMPLETE**

Here's what was built:

### Files Modified
- **`deploy.sh`** — Full rewrite with all three improvements
- **`DEPLOYMENT.md`** — Updated documentation to match new architecture

### Changes Summary

| Acceptance Criterion | Implementation |
|---|---|
| **ADC Authentication** | Replaced `gcloud auth activate-service-account --key-file` with `gcloud auth application-default credentials-list` check. Added Workload Identity Federation comments and helpful error messages when ADC is missing. |
| **Docker Buildx** | Replaced `docker build --platform linux/amd64` with `docker buildx build --platform linux/amd64,linux/arm64 --push --provenance=maximum` plus `--cache-from`/`--cache-to` for BuildKit caching. |
| **Dedicated Versioned Repo** | Changed from `cloud-run-source-deploy` to `xtara-web-artifacts`. Images are versioned with `<git-hash>-<YYYYMMDD-HHMMSS>` tags (e.g., `f7cb0e1-20260609-023321`) plus `:latest`. First-time repo setup instructions added. |
| **Script Structure** | Clear sections: PREREQUISITES, AUTHENTICATION, BUILD, PUSH, DEPLOY. Includes `set -euo pipefail`, `--version`, `--dry-run`, and explicit version tag args. |

### CLI Usage
```bash
./deploy.sh                     # Auto-compute version, deploy
./deploy.sh v1.2.3              # Explicit version tag
./deploy.sh --version           # Print computed version only
./deploy.sh --dry-run          # Print commands without executing
./deploy.sh v1.2.3 --dry-run   # Combine both
```

[2026-06-08T22:34:09.575Z] delegate_to_cli resolved
